[2025-08-09 14:22:24] Általános beállítások mentve.
[2025-08-09 14:22:02] Sikeres admin bejelentkezés.
[2025-08-09 14:00:31] Arc átnevezve: 'IMG_5425_face_0.jpg' -> 'Laci'.
[2025-08-09 13:59:37] Sikeres admin bejelentkezés.
[2025-08-05 11:37:45] Arcfelismerési folyamat elindítva a Műszerfalról.
[2025-08-05 11:37:43] Arcfelismerési folyamat elindítva a Műszerfalról.
[2025-08-05 11:36:21] Sikeres admin bejelentkezés.
[2025-08-04 18:52:55] Sikeres admin bejelentkezés.
[2025-08-04 18:27:38] Arcfelismerési folyamat elindítva a Műszerfalról.
[2025-08-04 18:26:01] Modell újratanítása manuálisan elindítva.
[2025-08-04 18:25:23] Új tanítókép hozzáadva 'Zora'-hez: IMG_5381_face_5.jpg
[2025-08-04 18:25:19] Új tanítókép hozzáadva 'Oliver'-hez: IMG_5374_face_5.jpg
[2025-08-04 18:25:17] Új tanítókép hozzáadva 'Oliver'-hez: IMG_5349_face_1.jpg
[2025-08-04 18:25:16] Új tanítókép hozzáadva 'Oliver'-hez: IMG_5358_face_0.jpg
[2025-08-04 18:25:12] Új tanítókép hozzáadva 'Luca'-hez: IMG_5418_face_0.jpg
[2025-08-04 18:25:09] Új tanítókép hozzáadva 'Lehel'-hez: IMG_5374_face_1.jpg
[2025-08-04 18:25:08] Új tanítókép hozzáadva 'Lehel'-hez: IMG_5367_face_2.jpg
[2025-08-04 18:24:57] Új tanítókép hozzáadva 'Lackó'-hez: IMG_5560_face_1.jpg
[2025-08-04 18:24:54] Új tanítókép hozzáadva 'Lackó'-hez: IMG_5408_face_0.jpg
[2025-08-04 18:24:53] Új tanítókép hozzáadva 'Lackó'-hez: IMG_5381_face_1.jpg
[2025-08-04 18:24:49] Új tanítókép hozzáadva 'Laci'-hez: IMG_5407_face_3.jpg
[2025-08-04 18:24:48] Új tanítókép hozzáadva 'Laci'-hez: IMG_5367_face_3.jpg
[2025-08-04 18:24:47] Új tanítókép hozzáadva 'Laci'-hez: IMG_5389_face_0.jpg
[2025-08-04 18:24:35] Új tanítókép hozzáadva 'Bogi'-hez: IMG_5405_face_1.jpg
[2025-08-04 18:24:32] Új tanítókép hozzáadva 'Bogi'-hez: IMG_5406_face_1.jpg
[2025-08-04 18:24:09] Új tanítókép hozzáadva 'Anya'-hez: IMG_5363_face_5.jpg
[2025-08-04 18:23:53] Sikeres admin bejelentkezés.
[2025-08-04 18:12:06] Sikeres admin bejelentkezés.
[2025-08-04 17:52:56] Arcfelismerési folyamat elindítva a Műszerfalról.
[2025-08-04 17:51:43] Modell újratanítása manuálisan elindítva.
[2025-08-04 17:50:58] Arc átnevezve: 'IMG_5406_face_1.jpg' -> 'Bogi'.
[2025-08-04 17:50:18] Arc átnevezve: 'IMG_5358_face_0.jpg' -> 'Oliver'.
[2025-08-04 17:50:05] Arc átnevezve: 'IMG_5367_face_2.jpg' -> 'Lehel'.
[2025-08-04 17:50:03] Arc átnevezve: 'IMG_5367_face_3.jpg' -> 'Laci'.
[2025-08-04 17:49:42] Arc átnevezve: 'IMG_5374_face_5.jpg' -> 'Oliver'.
[2025-08-04 17:49:34] Arc átnevezve: 'IMG_5374_face_1.jpg' -> 'Lehel'.
[2025-08-04 17:49:20] Arc átnevezve: 'IMG_5381_face_5.jpg' -> 'Zora'.
[2025-08-04 17:49:14] Arc átnevezve: 'IMG_5381_face_1.jpg' -> 'Lackó'.
[2025-08-04 17:48:58] Arc átnevezve: 'IMG_5389_face_0.jpg' -> 'Laci'.
[2025-08-04 17:48:44] Arc átnevezve: 'IMG_5418_face_0.jpg' -> 'Luca'.
[2025-08-04 17:48:10] Arc átnevezve: 'IMG_5560_face_1.jpg' -> 'Lackó'.
[2025-08-04 17:47:26] Arc átnevezve: 'IMG_5349_face_1.jpg' -> 'Oliver'.
[2025-08-04 17:47:14] Manuális arc hozzáadva: 'Luca' a 'IMG_5363.JPG' képen.
[2025-08-04 17:47:01] Arc átnevezve: 'IMG_5363_face_5.jpg' -> 'Anya'.
[2025-08-04 17:45:49] Arc átnevezve: 'IMG_5405_face_1.jpg' -> 'Bogi'.
[2025-08-04 17:45:42] Manuális arc hozzáadva: 'Lehel' a 'IMG_5407.JPG' képen.
[2025-08-04 17:45:31] Arc átnevezve: 'IMG_5407_face_3.jpg' -> 'Laci'.
[2025-08-04 17:45:21] Arc átnevezve: 'IMG_5408_face_0.jpg' -> 'Lackó'.
[2025-08-04 17:44:37] Arcfelismerési folyamat elindítva a Műszerfalról.
[2025-08-04 17:44:36] Arcfelismerési folyamat elindítva a Műszerfalról.
[2025-08-04 17:43:23] Modell újratanítása manuálisan elindítva.
[2025-08-04 17:43:19] Modell újratanítása manuálisan elindítva.
[2025-08-04 17:42:23] Manuális arc hozzáadva: 'Benett' a 'IMG_5426.JPG' képen.
[2025-08-04 17:42:09] Manuális arc hozzáadva: 'Zora' a 'IMG_5426.JPG' képen.
[2025-08-04 17:41:48] Sikeres admin bejelentkezés.
[2025-08-04 17:38:08] Sikeres admin bejelentkezés.
[2025-08-04 17:26:13] Sikeres admin bejelentkezés.
[2025-08-04 17:20:54] Sikeres admin bejelentkezés.
[2025-08-04 17:11:01] Modell újratanítása manuálisan elindítva.
[2025-08-04 17:10:54] Általános beállítások mentve.
[2025-08-04 17:10:44] Sikeres admin bejelentkezés.
[2025-08-04 17:09:56] Általános beállítások mentve.
[2025-08-04 17:09:46] Sikeres admin bejelentkezés.
[2025-08-04 17:09:00] Általános beállítások mentve.
[2025-08-04 17:08:40] Sikeres admin bejelentkezés.
[2025-08-04 17:02:56] Általános beállítások mentve.
[2025-08-04 17:02:30] Sikeres admin bejelentkezés.
[2025-08-04 17:02:27] Sikertelen bejelentkezési kísérlet.
[2025-08-04 16:12:38] 'Anya' profilképe beállítva.
[2025-08-04 16:12:22] Sikeres admin bejelentkezés.
[2025-08-04 15:44:11] Arcfelismerési folyamat elindítva a Műszerfalról.
[2025-08-04 15:43:06] Modell újratanítása manuálisan elindítva.
[2025-08-04 15:42:55] Sikeres admin bejelentkezés.
[2025-08-04 15:30:32] Modell újratanítása manuálisan elindítva.
[2025-08-04 15:30:31] Modell újratanítása manuálisan elindítva.
[2025-08-04 15:30:19] Arcfelismerési folyamat elindítva a Műszerfalról.
[2025-08-04 15:30:18] Arcfelismerési folyamat elindítva a Műszerfalról.
[2025-08-04 15:26:13] Modell újratanítása manuálisan elindítva.
[2025-08-04 15:25:53] Sikeres admin bejelentkezés.
[2025-08-04 15:13:06] Modell újratanítása manuálisan elindítva.
[2025-08-04 15:12:42] Sikeres admin bejelentkezés.
[2025-08-04 14:54:34] Arcfelismerési folyamat elindítva a Műszerfalról.
[2025-08-04 14:53:35] Sikeres admin bejelentkezés.
[2025-08-04 14:48:22] Sikeres admin bejelentkezés.
[2025-08-04 14:24:28] Sikeres admin bejelentkezés.
[2025-08-04 14:16:09] Sikeres admin bejelentkezés.
[2025-08-04 13:52:05] Sikeres admin bejelentkezés.
[2025-08-04 13:48:29] Sikeres admin bejelentkezés.
[2025-08-04 13:26:58] Sikeres admin bejelentkezés.
[2025-08-04 13:12:15] Sikeres admin bejelentkezés.
[2025-08-04 13:07:37] Sikeres admin bejelentkezés.
[2025-08-04 00:15:25] 1 arc átnevezve 'Oliver' névre.
[2025-08-04 00:15:11] Arc átnevezve: 'IMG_5374_face_5.jpg' -> 'Oliver'.
[2025-08-04 00:14:34] 1 arc átnevezve 'Luca' névre.
[2025-08-04 00:14:28] 1 arc átnevezve 'Oliver' névre.
[2025-08-04 00:14:20] 1 arc átnevezve 'Máté' névre.
[2025-08-04 00:14:15] 1 arc átnevezve 'Anya' névre.
[2025-08-04 00:14:08] 2 arc átnevezve 'Bogi' névre.
[2025-08-04 00:14:02] 2 arc átnevezve 'Luca' névre.
[2025-08-04 00:13:51] 1 arc törölve.
